--- adb starting (pid 4280) ---
adb I 01-01 11:20:01  4280  4280 main.cpp:57] Android Debug Bridge version 1.0.39
adb I 01-01 11:20:01  4280  4280 main.cpp:57] Version 1:8.1.0+r23-5~18.04
adb I 01-01 11:20:01  4280  4280 main.cpp:57] Installed as /usr/lib/android-sdk/platform-tools/adb
adb I 01-01 11:20:01  4280  4280 main.cpp:57] 
adb I 01-01 11:20:01  4280  4280 adb_auth_host.cpp:416] adb_auth_init...
adb I 01-01 11:20:01  4280  4280 adb_auth_host.cpp:174] read_key_file '/home/meo/.android/adbkey'...
adb I 01-01 11:20:02  4280  4280 adb_auth_host.cpp:391] adb_auth_inotify_init...
--- adb starting (pid 3994) ---
adb I 01-02 08:52:33  3994  3994 main.cpp:57] Android Debug Bridge version 1.0.39
adb I 01-02 08:52:33  3994  3994 main.cpp:57] Version 1:8.1.0+r23-5~18.04
adb I 01-02 08:52:33  3994  3994 main.cpp:57] Installed as /usr/lib/android-sdk/platform-tools/adb
adb I 01-02 08:52:33  3994  3994 main.cpp:57] 
adb I 01-02 08:52:33  3994  3994 adb_auth_host.cpp:416] adb_auth_init...
adb I 01-02 08:52:33  3994  3994 adb_auth_host.cpp:174] read_key_file '/home/meo/.android/adbkey'...
adb I 01-02 08:52:33  3994  3994 adb_auth_host.cpp:391] adb_auth_inotify_init...
--- adb starting (pid 3319) ---
adb I 01-06 18:47:35  3319  3319 main.cpp:57] Android Debug Bridge version 1.0.39
adb I 01-06 18:47:35  3319  3319 main.cpp:57] Version 1:8.1.0+r23-5~18.04
adb I 01-06 18:47:35  3319  3319 main.cpp:57] Installed as /usr/lib/android-sdk/platform-tools/adb
adb I 01-06 18:47:35  3319  3319 main.cpp:57] 
adb I 01-06 18:47:35  3319  3319 adb_auth_host.cpp:416] adb_auth_init...
adb I 01-06 18:47:35  3319  3319 adb_auth_host.cpp:174] read_key_file '/home/meo/.android/adbkey'...
adb I 01-06 18:47:35  3319  3319 adb_auth_host.cpp:391] adb_auth_inotify_init...
adb I 01-06 18:47:35  3319  3319 adb_auth_host.cpp:467] Calling send_auth_response
--- adb starting (pid 5505) ---
adb I 01-09 19:57:43  5505  5505 main.cpp:57] Android Debug Bridge version 1.0.39
adb I 01-09 19:57:43  5505  5505 main.cpp:57] Version 1:8.1.0+r23-5~18.04
adb I 01-09 19:57:43  5505  5505 main.cpp:57] Installed as /usr/lib/android-sdk/platform-tools/adb
adb I 01-09 19:57:43  5505  5505 main.cpp:57] 
adb I 01-09 19:57:43  5505  5505 adb_auth_host.cpp:416] adb_auth_init...
adb I 01-09 19:57:43  5505  5505 adb_auth_host.cpp:174] read_key_file '/home/meo/.android/adbkey'...
adb I 01-09 19:57:43  5505  5505 adb_auth_host.cpp:391] adb_auth_inotify_init...
adb I 01-09 19:57:43  5505  5505 adb_auth_host.cpp:467] Calling send_auth_response
adb I 01-09 20:23:39  5505  5505 adb_auth_host.cpp:467] Calling send_auth_response
--- adb starting (pid 22753) ---
adb I 01-20 21:47:53 22753 22753 main.cpp:57] Android Debug Bridge version 1.0.39
adb I 01-20 21:47:53 22753 22753 main.cpp:57] Version 1:8.1.0+r23-5~18.04
adb I 01-20 21:47:53 22753 22753 main.cpp:57] Installed as /usr/lib/android-sdk/platform-tools/adb
adb I 01-20 21:47:53 22753 22753 main.cpp:57] 
adb I 01-20 21:47:53 22753 22753 adb_auth_host.cpp:416] adb_auth_init...
adb I 01-20 21:47:53 22753 22753 adb_auth_host.cpp:174] read_key_file '/home/meo/.android/adbkey'...
adb I 01-20 21:47:53 22753 22753 adb_auth_host.cpp:391] adb_auth_inotify_init...
adb I 01-20 21:47:53 22753 22753 adb_auth_host.cpp:467] Calling send_auth_response
adb I 01-20 21:48:06 22753 22753 adb_auth_host.cpp:467] Calling send_auth_response
--- adb starting (pid 7556) ---
adb I 01-28 20:44:03  7556  7556 main.cpp:57] Android Debug Bridge version 1.0.39
adb I 01-28 20:44:03  7556  7556 main.cpp:57] Version 1:8.1.0+r23-5~18.04
adb I 01-28 20:44:03  7556  7556 main.cpp:57] Installed as /usr/lib/android-sdk/platform-tools/adb
adb I 01-28 20:44:03  7556  7556 main.cpp:57] 
adb I 01-28 20:44:03  7556  7556 adb_auth_host.cpp:416] adb_auth_init...
adb I 01-28 20:44:03  7556  7556 adb_auth_host.cpp:174] read_key_file '/home/meo/.android/adbkey'...
adb I 01-28 20:44:03  7556  7556 adb_auth_host.cpp:391] adb_auth_inotify_init...
adb I 01-28 20:44:03  7556  7556 adb_auth_host.cpp:467] Calling send_auth_response
